#
# A fatal error has been detected by the Java Runtime Environment:
#
#  Internal Error (javaClasses.cpp:129), pid=6886, tid=140088864233216
#  fatal error: Invalid layout of preloaded class
#
# JRE version: 7.0_07-b10
# Java VM: Java HotSpot(TM) 64-Bit Server VM (23.3-b01 mixed mode linux-amd64 compressed oops)
# Failed to write core dump. Core dumps have been disabled. To enable core dumping, try "ulimit -c unlimited" before starting Java again
#
# If you would like to submit a bug report, please visit:
#   http://bugreport.sun.com/bugreport/crash.jsp
#

---------------  T H R E A D  ---------------

Current thread (0x00007f68f4009000):  JavaThread "Unknown thread" [_thread_in_vm, id=6888, stack(0x00007f68faed5000,0x00007f68fafd6000)]

Stack: [0x00007f68faed5000,0x00007f68fafd6000],  sp=0x00007f68fafd47d0,  free space=1021k
Native frames: (J=compiled Java code, j=interpreted, Vv=VM code, C=native code)
V  [libjvm.so+0x8a511a]  VMError::report_and_die()+0x2ea
V  [libjvm.so+0x40ae59]  report_fatal(char const*, int, char const*)+0x59
V  [libjvm.so+0x555897]  compute_offset(int&, klassOopDesc*, Symbol*, Symbol*, bool)+0x137
V  [libjvm.so+0x556a59]  java_lang_String::compute_offsets()+0x39
V  [libjvm.so+0x8341d3]  SystemDictionary::initialize_preloaded_classes(Thread*)+0x143
V  [libjvm.so+0x880314]  Universe::genesis(Thread*)+0x474
V  [libjvm.so+0x8807c4]  universe2_init()+0x24
V  [libjvm.so+0x503cad]  init_globals()+0xbd
V  [libjvm.so+0x866d62]  Threads::create_vm(JavaVMInitArgs*, bool*)+0x1e2
V  [libjvm.so+0x563b64]  JNI_CreateJavaVM+0x74
C  [libjli.so+0x337e]  JavaMain+0x9e


---------------  P R O C E S S  ---------------

Java Threads: ( => current thread )

Other Threads:

=>0x00007f68f4009000 (exited) JavaThread "Unknown thread" [_thread_in_vm, id=6888, stack(0x00007f68faed5000,0x00007f68fafd6000)]

VM state:not at safepoint (not fully initialized)

VM Mutex/Monitor currently owned by a thread: None

GC Heap History (0 events):
No events

Deoptimization events (0 events):
No events

Internal exceptions (0 events):
No events

Events (10 events):
Event: 0.011 loading class 0x00007f68f402aae0 done
Event: 0.011 loading class 0x00007f68f402a380 done
Event: 0.011 loading class 0x00007f68f402a350
Event: 0.011 loading class 0x00007f68f40560d0
Event: 0.011 loading class 0x00007f68f40560d0 done
Event: 0.011 loading class 0x00007f68f4056110
Event: 0.012 loading class 0x00007f68f4056110 done
Event: 0.012 loading class 0x00007f68f4056150
Event: 0.012 loading class 0x00007f68f4056150 done
Event: 0.012 loading class 0x00007f68f402a350 done


Dynamic libraries:
00400000-00401000 r-xp 00000000 08:07 9716162                            /usr/local/java/jdk1.7.0_07/bin/java
00600000-00601000 rw-p 00000000 08:07 9716162                            /usr/local/java/jdk1.7.0_07/bin/java
0171f000-01740000 rw-p 00000000 00:00 0                                  [heap]
701600000-702ac0000 rw-p 00000000 00:00 0 
702ac0000-706800000 rw-p 00000000 00:00 0 
706800000-710e50000 rw-p 00000000 00:00 0 
710e50000-7acd60000 rw-p 00000000 00:00 0 
7acd60000-7b2080000 rw-p 00000000 00:00 0 
7b2080000-800000000 rw-p 00000000 00:00 0 
7f68c80b0000-7f68d0000000 rw-p 00000000 00:00 0 
7f68d0000000-7f68d0021000 rw-p 00000000 00:00 0 
7f68d0021000-7f68d4000000 ---p 00000000 00:00 0 
7f68d8000000-7f68d8021000 rw-p 00000000 00:00 0 
7f68d8021000-7f68dc000000 ---p 00000000 00:00 0 
7f68e0000000-7f68e0021000 rw-p 00000000 00:00 0 
7f68e0021000-7f68e4000000 ---p 00000000 00:00 0 
7f68e8000000-7f68e8021000 rw-p 00000000 00:00 0 
7f68e8021000-7f68ec000000 ---p 00000000 00:00 0 
7f68edd9c000-7f68efeaa000 rw-p 00000000 00:00 0 
7f68efeaa000-7f68efeab000 ---p 00000000 00:00 0 
7f68efeab000-7f68effab000 rw-p 00000000 00:00 0                          [stack:6896]
7f68effab000-7f68effac000 ---p 00000000 00:00 0 
7f68effac000-7f68f00ac000 rw-p 00000000 00:00 0                          [stack:6895]
7f68f00ac000-7f68f00ad000 ---p 00000000 00:00 0 
7f68f00ad000-7f68f01ad000 rw-p 00000000 00:00 0                          [stack:6890]
7f68f01ad000-7f68f01ae000 ---p 00000000 00:00 0 
7f68f01ae000-7f68f02b9000 rw-p 00000000 00:00 0                          [stack:6889]
7f68f02b9000-7f68f02d7000 rw-p 00000000 00:00 0 
7f68f02d7000-7f68f032b000 rw-p 00000000 00:00 0 
7f68f032b000-7f68f080a000 rw-p 00000000 00:00 0 
7f68f080a000-7f68f0815000 rw-p 00000000 00:00 0 
7f68f0815000-7f68f0833000 rw-p 00000000 00:00 0 
7f68f0833000-7f68f0887000 rw-p 00000000 00:00 0 
7f68f0887000-7f68f0d65000 rw-p 00000000 00:00 0 
7f68f0d65000-7f68f0d90000 rw-p 00000000 00:00 0 
7f68f0d90000-7f68f0fff000 rw-p 00000000 00:00 0 
7f68f0fff000-7f68f1000000 rw-p 00000000 00:00 0 
7f68f1000000-7f68f1270000 rwxp 00000000 00:00 0 
7f68f1270000-7f68f405f000 rw-p 00000000 00:00 0 
7f68f405f000-7f68f8000000 ---p 00000000 00:00 0 
7f68f8118000-7f68f8215000 rw-p 00000000 00:00 0 
7f68f8215000-7f68f82ff000 r--s 015ed000 08:07 5373954                    /home/hulk/devtools/adt-bundle-linux-x86_64-20140702/sdk/platforms/android-23/android.jar
7f68f82ff000-7f68f8327000 rw-p 00000000 00:00 0 
7f68f8327000-7f68f8341000 r-xp 00000000 08:07 9722989                    /usr/local/java/jdk1.7.0_07/jre/lib/amd64/libzip.so
7f68f8341000-7f68f8541000 ---p 0001a000 08:07 9722989                    /usr/local/java/jdk1.7.0_07/jre/lib/amd64/libzip.so
7f68f8541000-7f68f8542000 rw-p 0001a000 08:07 9722989                    /usr/local/java/jdk1.7.0_07/jre/lib/amd64/libzip.so
7f68f8542000-7f68f854e000 r-xp 00000000 08:07 1835318                    /lib/x86_64-linux-gnu/libnss_files-2.15.so
7f68f854e000-7f68f874d000 ---p 0000c000 08:07 1835318                    /lib/x86_64-linux-gnu/libnss_files-2.15.so
7f68f874d000-7f68f874e000 r--p 0000b000 08:07 1835318                    /lib/x86_64-linux-gnu/libnss_files-2.15.so
7f68f874e000-7f68f874f000 rw-p 0000c000 08:07 1835318                    /lib/x86_64-linux-gnu/libnss_files-2.15.so
7f68f874f000-7f68f8759000 r-xp 00000000 08:07 1835255                    /lib/x86_64-linux-gnu/libnss_nis-2.15.so
7f68f8759000-7f68f8959000 ---p 0000a000 08:07 1835255                    /lib/x86_64-linux-gnu/libnss_nis-2.15.so
7f68f8959000-7f68f895a000 r--p 0000a000 08:07 1835255                    /lib/x86_64-linux-gnu/libnss_nis-2.15.so
7f68f895a000-7f68f895b000 rw-p 0000b000 08:07 1835255                    /lib/x86_64-linux-gnu/libnss_nis-2.15.so
7f68f895b000-7f68f8972000 r-xp 00000000 08:07 1835298                    /lib/x86_64-linux-gnu/libnsl-2.15.so
7f68f8972000-7f68f8b71000 ---p 00017000 08:07 1835298                    /lib/x86_64-linux-gnu/libnsl-2.15.so
7f68f8b71000-7f68f8b72000 r--p 00016000 08:07 1835298                    /lib/x86_64-linux-gnu/libnsl-2.15.so
7f68f8b72000-7f68f8b73000 rw-p 00017000 08:07 1835298                    /lib/x86_64-linux-gnu/libnsl-2.15.so
7f68f8b73000-7f68f8b75000 rw-p 00000000 00:00 0 
7f68f8b75000-7f68f8b7d000 r-xp 00000000 08:07 1835313                    /lib/x86_64-linux-gnu/libnss_compat-2.15.so
7f68f8b7d000-7f68f8d7c000 ---p 00008000 08:07 1835313                    /lib/x86_64-linux-gnu/libnss_compat-2.15.so
7f68f8d7c000-7f68f8d7d000 r--p 00007000 08:07 1835313                    /lib/x86_64-linux-gnu/libnss_compat-2.15.so
7f68f8d7d000-7f68f8d7e000 rw-p 00008000 08:07 1835313                    /lib/x86_64-linux-gnu/libnss_compat-2.15.so
7f68f8d7e000-7f68f8da7000 r-xp 00000000 08:07 9722974                    /usr/local/java/jdk1.7.0_07/jre/lib/amd64/libjava.so
7f68f8da7000-7f68f8fa7000 ---p 00029000 08:07 9722974                    /usr/local/java/jdk1.7.0_07/jre/lib/amd64/libjava.so
7f68f8fa7000-7f68f8fa9000 rw-p 00029000 08:07 9722974                    /usr/local/java/jdk1.7.0_07/jre/lib/amd64/libjava.so
7f68f8fa9000-7f68f8fb6000 r-xp 00000000 08:07 9722966                    /usr/local/java/jdk1.7.0_07/jre/lib/amd64/libverify.so
7f68f8fb6000-7f68f91b5000 ---p 0000d000 08:07 9722966                    /usr/local/java/jdk1.7.0_07/jre/lib/amd64/libverify.so
7f68f91b5000-7f68f91b7000 rw-p 0000c000 08:07 9722966                    /usr/local/java/jdk1.7.0_07/jre/lib/amd64/libverify.so
7f68f91b7000-7f68f91be000 r-xp 00000000 08:07 1835259                    /lib/x86_64-linux-gnu/librt-2.15.so
7f68f91be000-7f68f93bd000 ---p 00007000 08:07 1835259                    /lib/x86_64-linux-gnu/librt-2.15.so
7f68f93bd000-7f68f93be000 r--p 00006000 08:07 1835259                    /lib/x86_64-linux-gnu/librt-2.15.so
7f68f93be000-7f68f93bf000 rw-p 00007000 08:07 1835259                    /lib/x86_64-linux-gnu/librt-2.15.so
7f68f93bf000-7f68f94ba000 r-xp 00000000 08:07 1835328                    /lib/x86_64-linux-gnu/libm-2.15.so
7f68f94ba000-7f68f96b9000 ---p 000fb000 08:07 1835328                    /lib/x86_64-linux-gnu/libm-2.15.so
7f68f96b9000-7f68f96ba000 r--p 000fa000 08:07 1835328                    /lib/x86_64-linux-gnu/libm-2.15.so
7f68f96ba000-7f68f96bb000 rw-p 000fb000 08:07 1835328                    /lib/x86_64-linux-gnu/libm-2.15.so
7f68f96bb000-7f68fa102000 r-xp 00000000 08:07 9723014                    /usr/local/java/jdk1.7.0_07/jre/lib/amd64/server/libjvm.so
7f68fa102000-7f68fa301000 ---p 00a47000 08:07 9723014                    /usr/local/java/jdk1.7.0_07/jre/lib/amd64/server/libjvm.so
7f68fa301000-7f68fa3a4000 rw-p 00a46000 08:07 9723014                    /usr/local/java/jdk1.7.0_07/jre/lib/amd64/server/libjvm.so
7f68fa3a4000-7f68fa3e0000 rw-p 00000000 00:00 0 
7f68fa3e0000-7f68fa594000 r-xp 00000000 08:07 1835273                    /lib/x86_64-linux-gnu/libc-2.15.so
7f68fa594000-7f68fa793000 ---p 001b4000 08:07 1835273                    /lib/x86_64-linux-gnu/libc-2.15.so
7f68fa793000-7f68fa797000 r--p 001b3000 08:07 1835273                    /lib/x86_64-linux-gnu/libc-2.15.so
7f68fa797000-7f68fa799000 rw-p 001b7000 08:07 1835273                    /lib/x86_64-linux-gnu/libc-2.15.so
7f68fa799000-7f68fa79e000 rw-p 00000000 00:00 0 
7f68fa79e000-7f68fa7a0000 r-xp 00000000 08:07 1835253                    /lib/x86_64-linux-gnu/libdl-2.15.so
7f68fa7a0000-7f68fa9a0000 ---p 00002000 08:07 1835253                    /lib/x86_64-linux-gnu/libdl-2.15.so
7f68fa9a0000-7f68fa9a1000 r--p 00002000 08:07 1835253                    /lib/x86_64-linux-gnu/libdl-2.15.so
7f68fa9a1000-7f68fa9a2000 rw-p 00003000 08:07 1835253                    /lib/x86_64-linux-gnu/libdl-2.15.so
7f68fa9a2000-7f68fa9b8000 r-xp 00000000 08:07 9723002                    /usr/local/java/jdk1.7.0_07/jre/lib/amd64/jli/libjli.so
7f68fa9b8000-7f68fabb7000 ---p 00016000 08:07 9723002                    /usr/local/java/jdk1.7.0_07/jre/lib/amd64/jli/libjli.so
7f68fabb7000-7f68fabb8000 rw-p 00015000 08:07 9723002                    /usr/local/java/jdk1.7.0_07/jre/lib/amd64/jli/libjli.so
7f68fabb8000-7f68fabd0000 r-xp 00000000 08:07 1835299                    /lib/x86_64-linux-gnu/libpthread-2.15.so
7f68fabd0000-7f68fadcf000 ---p 00018000 08:07 1835299                    /lib/x86_64-linux-gnu/libpthread-2.15.so
7f68fadcf000-7f68fadd0000 r--p 00017000 08:07 1835299                    /lib/x86_64-linux-gnu/libpthread-2.15.so
7f68fadd0000-7f68fadd1000 rw-p 00018000 08:07 1835299                    /lib/x86_64-linux-gnu/libpthread-2.15.so
7f68fadd1000-7f68fadd5000 rw-p 00000000 00:00 0 
7f68fadd5000-7f68fadf7000 r-xp 00000000 08:07 1835309                    /lib/x86_64-linux-gnu/ld-2.15.so
7f68fae15000-7f68fae1f000 rw-p 00000000 00:00 0 
7f68fae1f000-7f68faed5000 rw-p 00000000 00:00 0 
7f68faed5000-7f68faed8000 ---p 00000000 00:00 0 
7f68faed8000-7f68fafda000 rw-p 00000000 00:00 0                          [stack:6888]
7f68fafeb000-7f68faff3000 rw-s 00000000 08:07 262205                     /tmp/hsperfdata_hulk/6886
7f68faff3000-7f68faff4000 rw-p 00000000 00:00 0 
7f68faff4000-7f68faff5000 r--p 00000000 00:00 0 
7f68faff5000-7f68faff7000 rw-p 00000000 00:00 0 
7f68faff7000-7f68faff8000 r--p 00022000 08:07 1835309                    /lib/x86_64-linux-gnu/ld-2.15.so
7f68faff8000-7f68faffa000 rw-p 00023000 08:07 1835309                    /lib/x86_64-linux-gnu/ld-2.15.so
7fffa4d05000-7fffa4d26000 rw-p 00000000 00:00 0                          [stack]
7fffa4d4e000-7fffa4d4f000 r-xp 00000000 00:00 0                          [vdso]
ffffffffff600000-ffffffffff601000 r-xp 00000000 00:00 0                  [vsyscall]

VM Arguments:
jvm_args: -Dfile.encoding=UTF-8 -Xbootclasspath:/home/hulk/devtools/adt-bundle-linux-x86_64-20140702/sdk/platforms/android-23/android.jar 
java_command: com.example.diffpatch.ByteTest
Launcher Type: SUN_STANDARD

Environment Variables:
JAVA_HOME=/usr/local/java/jdk1.7.0_07
JRE_HOME=/usr/local/java/jdk1.7.0_07/jre
CLASSPATH=.:/usr/local/java/jdk1.7.0_07/lib:/usr/local/java/jdk1.7.0_07/jre/lib:.:$CLASSPATH:$JAVA_HOME/lib:$JAVA_HOME/jre/lib
PATH=/home/hulk/bin:/usr/local/java/jdk1.7.0_07/bin:/usr/local/java/jdk1.7.0_07/jre/bin:/usr/local/java/jdk1.7.0_07:/home/hulk/devtools/adt-bundle-linux-x86_64-20140702/sdk/platform-tools:$}ANDROID_HOME}/tools:/usr/local/bin:/usr/bin:/bin:/usr/games:/home/hulk/Android/android-studio//bin:/home/hulk/Android/Sdk/platform-tools:/home/hulk/Android/android-studio/gradle/gradle-2.2.1/bin:/home/hulk/Android/android-studio/bin:/home/hulk/Android/Sdk/platform-tools
USERNAME=hulk
SHELL=/bin/bash
DISPLAY=:0.0

Signal Handlers:
SIGSEGV: [libjvm.so+0x8a5a80], sa_mask[0]=0x7ffbfeff, sa_flags=0x10000004
SIGBUS: [libjvm.so+0x8a5a80], sa_mask[0]=0x7ffbfeff, sa_flags=0x10000004
SIGFPE: [libjvm.so+0x741b60], sa_mask[0]=0x7ffbfeff, sa_flags=0x10000004
SIGPIPE: [libjvm.so+0x741b60], sa_mask[0]=0x7ffbfeff, sa_flags=0x10000004
SIGXFSZ: [libjvm.so+0x741b60], sa_mask[0]=0x7ffbfeff, sa_flags=0x10000004
SIGILL: [libjvm.so+0x741b60], sa_mask[0]=0x7ffbfeff, sa_flags=0x10000004
SIGUSR1: SIG_DFL, sa_mask[0]=0x00000000, sa_flags=0x00000000
SIGUSR2: [libjvm.so+0x7414b0], sa_mask[0]=0x00000004, sa_flags=0x10000004
SIGHUP: SIG_DFL, sa_mask[0]=0x00000000, sa_flags=0x00000000
SIGINT: SIG_DFL, sa_mask[0]=0x00000000, sa_flags=0x00000000
SIGTERM: SIG_DFL, sa_mask[0]=0x00000000, sa_flags=0x00000000
SIGQUIT: SIG_DFL, sa_mask[0]=0x00000000, sa_flags=0x00000000


---------------  S Y S T E M  ---------------

OS:wheezy/sid

uname:Linux 3.5.0-54-generic #81~precise1-Ubuntu SMP Tue Jul 15 04:02:22 UTC 2014 x86_64
libc:glibc 2.15 NPTL 2.15 
rlimit: STACK 8192k, CORE 0k, NPROC 127552, NOFILE 4096, AS infinity
load average:1.09 1.06 1.27

/proc/meminfo:
MemTotal:       16345420 kB
MemFree:         8938576 kB
Buffers:          273604 kB
Cached:          3118220 kB
SwapCached:            0 kB
Active:          4244252 kB
Inactive:        1627808 kB
Active(anon):    2481484 kB
Inactive(anon):    35096 kB
Active(file):    1762768 kB
Inactive(file):  1592712 kB
Unevictable:           0 kB
Mlocked:               0 kB
SwapTotal:       4101116 kB
SwapFree:        4101116 kB
Dirty:               364 kB
Writeback:             0 kB
AnonPages:       2480756 kB
Mapped:          1327324 kB
Shmem:             35908 kB
Slab:             281888 kB
SReclaimable:     243308 kB
SUnreclaim:        38580 kB
KernelStack:        4080 kB
PageTables:        35508 kB
NFS_Unstable:          0 kB
Bounce:                0 kB
WritebackTmp:          0 kB
CommitLimit:    12273824 kB
Committed_AS:    6307228 kB
VmallocTotal:   34359738367 kB
VmallocUsed:      120804 kB
VmallocChunk:   34359614032 kB
HardwareCorrupted:     0 kB
AnonHugePages:         0 kB
HugePages_Total:       0
HugePages_Free:        0
HugePages_Rsvd:        0
HugePages_Surp:        0
Hugepagesize:       2048 kB
DirectMap4k:       73728 kB
DirectMap2M:     6133760 kB
DirectMap1G:    10485760 kB


CPU:total 4 (4 cores per cpu, 1 threads per core) family 6 model 60 stepping 3, cmov, cx8, fxsr, mmx, sse, sse2, sse3, ssse3, sse4.1, sse4.2, popcnt, avx, avx2, tsc, tscinvbit

/proc/cpuinfo:
processor	: 0
vendor_id	: GenuineIntel
cpu family	: 6
model		: 60
model name	: Intel(R) Core(TM) i5-4570 CPU @ 3.20GHz
stepping	: 3
microcode	: 0x12
cpu MHz		: 3201.000
cache size	: 6144 KB
physical id	: 0
siblings	: 4
core id		: 0
cpu cores	: 4
apicid		: 0
initial apicid	: 0
fpu		: yes
fpu_exception	: yes
cpuid level	: 13
wp		: yes
flags		: fpu vme de pse tsc msr pae mce cx8 apic sep mtrr pge mca cmov pat pse36 clflush dts acpi mmx fxsr sse sse2 ss ht tm pbe syscall nx pdpe1gb rdtscp lm constant_tsc arch_perfmon pebs bts rep_good nopl xtopology nonstop_tsc aperfmperf pni pclmulqdq dtes64 monitor ds_cpl vmx smx est tm2 ssse3 fma cx16 xtpr pdcm pcid sse4_1 sse4_2 x2apic movbe popcnt tsc_deadline_timer aes xsave avx f16c rdrand lahf_lm abm ida arat epb xsaveopt pln pts dtherm tpr_shadow vnmi flexpriority ept vpid fsgsbase bmi1 hle avx2 smep bmi2 erms invpcid rtm
bogomips	: 6385.95
clflush size	: 64
cache_alignment	: 64
address sizes	: 39 bits physical, 48 bits virtual
power management:

processor	: 1
vendor_id	: GenuineIntel
cpu family	: 6
model		: 60
model name	: Intel(R) Core(TM) i5-4570 CPU @ 3.20GHz
stepping	: 3
microcode	: 0x12
cpu MHz		: 2700.000
cache size	: 6144 KB
physical id	: 0
siblings	: 4
core id		: 1
cpu cores	: 4
apicid		: 2
initial apicid	: 2
fpu		: yes
fpu_exception	: yes
cpuid level	: 13
wp		: yes
flags		: fpu vme de pse tsc msr pae mce cx8 apic sep mtrr pge mca cmov pat pse36 clflush dts acpi mmx fxsr sse sse2 ss ht tm pbe syscall nx pdpe1gb rdtscp lm constant_tsc arch_perfmon pebs bts rep_good nopl xtopology nonstop_tsc aperfmperf pni pclmulqdq dtes64 monitor ds_cpl vmx smx est tm2 ssse3 fma cx16 xtpr pdcm pcid sse4_1 sse4_2 x2apic movbe popcnt tsc_deadline_timer aes xsave avx f16c rdrand lahf_lm abm ida arat epb xsaveopt pln pts dtherm tpr_shadow vnmi flexpriority ept vpid fsgsbase bmi1 hle avx2 smep bmi2 erms invpcid rtm
bogomips	: 6385.95
clflush size	: 64
cache_alignment	: 64
address sizes	: 39 bits physical, 48 bits virtual
power management:

processor	: 2
vendor_id	: GenuineIntel
cpu family	: 6
model		: 60
model name	: Intel(R) Core(TM) i5-4570 CPU @ 3.20GHz
stepping	: 3
microcode	: 0x12
cpu MHz		: 800.000
cache size	: 6144 KB
physical id	: 0
siblings	: 4
core id		: 2
cpu cores	: 4
apicid		: 4
initial apicid	: 4
fpu		: yes
fpu_exception	: yes
cpuid level	: 13
wp		: yes
flags		: fpu vme de pse tsc msr pae mce cx8 apic sep mtrr pge mca cmov pat pse36 clflush dts acpi mmx fxsr sse sse2 ss ht tm pbe syscall nx pdpe1gb rdtscp lm constant_tsc arch_perfmon pebs bts rep_good nopl xtopology nonstop_tsc aperfmperf pni pclmulqdq dtes64 monitor ds_cpl vmx smx est tm2 ssse3 fma cx16 xtpr pdcm pcid sse4_1 sse4_2 x2apic movbe popcnt tsc_deadline_timer aes xsave avx f16c rdrand lahf_lm abm ida arat epb xsaveopt pln pts dtherm tpr_shadow vnmi flexpriority ept vpid fsgsbase bmi1 hle avx2 smep bmi2 erms invpcid rtm
bogomips	: 6385.95
clflush size	: 64
cache_alignment	: 64
address sizes	: 39 bits physical, 48 bits virtual
power management:

processor	: 3
vendor_id	: GenuineIntel
cpu family	: 6
model		: 60
model name	: Intel(R) Core(TM) i5-4570 CPU @ 3.20GHz
stepping	: 3
microcode	: 0x12
cpu MHz		: 3201.000
cache size	: 6144 KB
physical id	: 0
siblings	: 4
core id		: 3
cpu cores	: 4
apicid		: 6
initial apicid	: 6
fpu		: yes
fpu_exception	: yes
cpuid level	: 13
wp		: yes
flags		: fpu vme de pse tsc msr pae mce cx8 apic sep mtrr pge mca cmov pat pse36 clflush dts acpi mmx fxsr sse sse2 ss ht tm pbe syscall nx pdpe1gb rdtscp lm constant_tsc arch_perfmon pebs bts rep_good nopl xtopology nonstop_tsc aperfmperf pni pclmulqdq dtes64 monitor ds_cpl vmx smx est tm2 ssse3 fma cx16 xtpr pdcm pcid sse4_1 sse4_2 x2apic movbe popcnt tsc_deadline_timer aes xsave avx f16c rdrand lahf_lm abm ida arat epb xsaveopt pln pts dtherm tpr_shadow vnmi flexpriority ept vpid fsgsbase bmi1 hle avx2 smep bmi2 erms invpcid rtm
bogomips	: 6385.95
clflush size	: 64
cache_alignment	: 64
address sizes	: 39 bits physical, 48 bits virtual
power management:



Memory: 4k page, physical 16345420k(8938576k free), swap 4101116k(4101116k free)

vm_info: Java HotSpot(TM) 64-Bit Server VM (23.3-b01) for linux-amd64 JRE (1.7.0_07-b10), built on Aug 28 2012 17:44:05 by "java_re" with gcc 4.3.0 20080428 (Red Hat 4.3.0-8)

time: Fri Apr 22 16:20:54 2016
elapsed time: 0 seconds

